Change Component Footprint: Designator=Q1 Old Footprint=FP-646BX-MFG New Footprint=FP-646BX-MFG
Change Component Footprint: Designator=R1 Old Footprint=FP-CMF50-0 New Footprint=FP-CMF50-0
Change Component Footprint: Designator=R2 Old Footprint=FP-CMF50-0 New Footprint=FP-CMF50-0
Change Component Footprint: Designator=R4 Old Footprint=FP-CMF50-0 New Footprint=FP-CMF50-0
Change Component Footprint: Designator=R3 Old Footprint=RES_AC03_VIS New Footprint=RES_AC03_VIS
Added Component: Designator=MP1(FP-529802B02500G-MFG)
Add component (AddParameter): Name = "Case/Package"; Value = "Radial"; VariantName = "[No Variations]"
Add component (AddParameter): Name = "Color"; Value = "Black"; VariantName = "[No Variations]"
Add component (AddParameter): Name = "Depth"; Value = "25.4mm"; VariantName = "[No Variations]"
Add component (AddParameter): Name = "Finish"; Value = "Anodized"; VariantName = "[No Variations]"
Add component (AddParameter): Name = "Height"; Value = "38.1mm"; VariantName = "[No Variations]"
Add component (AddParameter): Name = "Height Off Base"; Value = "1.5inch"; VariantName = "[No Variations]"
Add component (AddParameter): Name = "Lead Free"; Value = "Lead Free"; VariantName = "[No Variations]"
Add component (AddParameter): Name = "Length"; Value = "41.91mm"; VariantName = "[No Variations]"
Add component (AddParameter): Name = "Material"; Value = "Aluminium"; VariantName = "[No Variations]"
Add component (AddParameter): Name = "Mount"; Value = "Bolt"; VariantName = "[No Variations]"
Add component (AddParameter): Name = "Natural Thermal Resistance"; Value = "3.7°C/W"; VariantName = "[No Variations]"
Add component (AddParameter): Name = "Package Cooled"; Value = "TO-220"; VariantName = "[No Variations]"
Add component (AddParameter): Name = "Package Quantity"; Value = "500"; VariantName = "[No Variations]"
Add component (AddParameter): Name = "Packaging"; Value = "Bulk"; VariantName = "[No Variations]"
Add component (AddParameter): Name = "Radiation Hardening"; Value = "No"; VariantName = "[No Variations]"
Add component (AddParameter): Name = "REACH SVHC"; Value = "No SVHC"; VariantName = "[No Variations]"
Add component (AddParameter): Name = "RoHS Compliant"; Value = "Yes"; VariantName = "[No Variations]"
Add component (AddParameter): Name = "Series"; Value = "5298"; VariantName = "[No Variations]"
Add component (AddParameter): Name = "Shape"; Value = "Fins"; VariantName = "[No Variations]"
Add component (AddParameter): Name = "Thermal Resistance @ Forced Air Flow (100 LFM)"; Value = "3°C/W"; VariantName = "[No Variations]"
Add component (AddParameter): Name = "Type"; Value = "Passive"; VariantName = "[No Variations]"
Add component (AddParameter): Name = "Width"; Value = "1.65inch"; VariantName = "[No Variations]"
Added Member To Class: ClassName=AC circuit Member=Component MP1 529802B02500G
